<?xml version="1.0" encoding="utf-8"?><testsuites name="pytest tests"><testsuite name="pytest" errors="0" failures="0" skipped="0" tests="20" time="5.660" timestamp="2026-02-09T11:21:54.056976+00:00" hostname="agent-env-60fd796b-f11c-4b88-8fac-f52784a9b895"><testcase classname="backend.tests.test_social_commission.TestAuth" name="test_admin_login" time="0.308" /><testcase classname="backend.tests.test_social_commission.TestAuth" name="test_influencer_login" time="0.284" /><testcase classname="backend.tests.test_social_commission.TestAuth" name="test_brand_login" time="0.331" /><testcase classname="backend.tests.test_social_commission.TestOEmbed" name="test_oembed_youtube_url" time="0.131" /><testcase classname="backend.tests.test_social_commission.TestOEmbed" name="test_oembed_tiktok_url" time="0.231" /><testcase classname="backend.tests.test_social_commission.TestOEmbed" name="test_oembed_unsupported_url" time="0.040" /><testcase classname="backend.tests.test_social_commission.TestInfluencerFeaturedPosts" name="test_get_influencer_profile_with_featured_posts" time="0.328" /><testcase classname="backend.tests.test_social_commission.TestInfluencerFeaturedPosts" name="test_get_public_profile_with_featured_posts" time="0.049" /><testcase classname="backend.tests.test_social_commission.TestInfluencerFeaturedPosts" name="test_save_profile_with_featured_posts" time="0.353" /><testcase classname="backend.tests.test_social_commission.TestCommissionSystem" name="test_get_commission_rate_admin" time="0.362" /><testcase classname="backend.tests.test_social_commission.TestCommissionSystem" name="test_get_commission_rate_non_admin_forbidden" time="0.456" /><testcase classname="backend.tests.test_social_commission.TestCommissionSystem" name="test_update_commission_rate_admin" time="0.617" /><testcase classname="backend.tests.test_social_commission.TestCommissionSystem" name="test_update_commission_invalid_rate" time="0.370" /><testcase classname="backend.tests.test_social_commission.TestCommissionSystem" name="test_update_commission_rate_non_admin_forbidden" time="0.334" /><testcase classname="backend.tests.test_social_commission.TestCommissionSystem" name="test_get_admin_commissions" time="0.308" /><testcase classname="backend.tests.test_social_commission.TestCommissionSystem" name="test_get_admin_commissions_non_admin_forbidden" time="0.312" /><testcase classname="backend.tests.test_social_commission.TestCommissionCalculation" name="test_calculate_commission" time="0.324" /><testcase classname="backend.tests.test_social_commission.TestAdminStats" name="test_admin_stats" time="0.313" /><testcase classname="backend.tests.test_social_commission.TestHealthCheck" name="test_api_root" time="0.038" /><testcase classname="backend.tests.test_social_commission.TestHealthCheck" name="test_health_endpoint" time="0.036" /></testsuite></testsuites>