<?xml version="1.0" encoding="utf-8"?><testsuites name="pytest tests"><testsuite name="pytest" errors="0" failures="0" skipped="0" tests="14" time="14.420" timestamp="2026-02-09T12:35:01.584766+00:00" hostname="agent-env-60fd796b-f11c-4b88-8fac-f52784a9b895"><testcase classname="backend.tests.test_cancellation_dispute_messaging.TestCancellationSystem" name="test_01_cancel_active_collab_with_secured_escrow_instant_refund" time="1.143" /><testcase classname="backend.tests.test_cancellation_dispute_messaging.TestCancellationSystem" name="test_02_cancel_in_progress_collab_requires_admin_review" time="1.179" /><testcase classname="backend.tests.test_cancellation_dispute_messaging.TestCancellationSystem" name="test_03_cancel_completed_pending_release_should_fail" time="1.102" /><testcase classname="backend.tests.test_cancellation_dispute_messaging.TestDisputeSystem" name="test_04_create_dispute_in_completed_pending_release" time="1.290" /><testcase classname="backend.tests.test_cancellation_dispute_messaging.TestDisputeSystem" name="test_05_create_dispute_wrong_status_should_fail" time="0.978" /><testcase classname="backend.tests.test_cancellation_dispute_messaging.TestDisputeSystem" name="test_06_release_escrow_when_disputed_should_fail" time="1.171" /><testcase classname="backend.tests.test_cancellation_dispute_messaging.TestMessagingSystem" name="test_07_send_message_after_acceptance_works" time="1.096" /><testcase classname="backend.tests.test_cancellation_dispute_messaging.TestMessagingSystem" name="test_08_send_message_when_disputed_fails" time="1.255" /><testcase classname="backend.tests.test_cancellation_dispute_messaging.TestMessagingSystem" name="test_09_get_messages_when_disputed_shows_locked" time="1.319" /><testcase classname="backend.tests.test_cancellation_dispute_messaging.TestAdminDisputeResolution" name="test_10_admin_resolve_dispute_release_to_influencer" time="1.186" /><testcase classname="backend.tests.test_cancellation_dispute_messaging.TestAdminCancellationResolution" name="test_11_admin_resolve_cancellation_full_refund" time="1.161" /><testcase classname="backend.tests.test_cancellation_dispute_messaging.TestAdminCancellationResolution" name="test_12_admin_get_disputes_with_message_history" time="0.841" /><testcase classname="backend.tests.test_cancellation_dispute_messaging.TestMessagingBeforeAcceptance" name="test_13_send_message_before_acceptance_fails" time="0.598" /><testcase classname="backend.tests.test_cancellation_dispute_messaging" name="test_run_all" time="0.000" /></testsuite></testsuites>