<?xml version="1.0" encoding="utf-8"?><testsuites name="pytest tests"><testsuite name="pytest" errors="0" failures="0" skipped="0" tests="17" time="8.447" timestamp="2026-02-09T11:46:48.768971+00:00" hostname="agent-env-60fd796b-f11c-4b88-8fac-f52784a9b895"><testcase classname="backend.tests.test_escrow_reviews_iter5.TestCollaborationTypes" name="test_create_paid_collaboration_awaiting_escrow" time="0.347" /><testcase classname="backend.tests.test_escrow_reviews_iter5.TestCollaborationTypes" name="test_create_barter_collaboration_no_payment" time="0.301" /><testcase classname="backend.tests.test_escrow_reviews_iter5.TestCollaborationTypes" name="test_create_free_collaboration_no_payment" time="0.302" /><testcase classname="backend.tests.test_escrow_reviews_iter5.TestEscrowSystem" name="test_create_escrow" time="0.340" /><testcase classname="backend.tests.test_escrow_reviews_iter5.TestEscrowSystem" name="test_secure_escrow" time="0.411" /><testcase classname="backend.tests.test_escrow_reviews_iter5.TestEscrowSystem" name="test_get_escrow_for_collaboration" time="0.452" /><testcase classname="backend.tests.test_escrow_reviews_iter5.TestEscrowSystem" name="test_cannot_create_escrow_for_barter" time="0.374" /><testcase classname="backend.tests.test_escrow_reviews_iter5.TestCollaborationStatus" name="test_paid_collab_completion_pending_release" time="0.462" /><testcase classname="backend.tests.test_escrow_reviews_iter5.TestCollaborationStatus" name="test_barter_collab_directly_completed" time="0.385" /><testcase classname="backend.tests.test_escrow_reviews_iter5.TestEscrowRelease" name="test_release_escrow_creates_commission" time="0.862" /><testcase classname="backend.tests.test_escrow_reviews_iter5.TestEscrowRelease" name="test_refund_escrow" time="0.449" /><testcase classname="backend.tests.test_escrow_reviews_iter5.TestReviewSystem" name="test_review_requires_released_payment_for_paid" time="0.819" /><testcase classname="backend.tests.test_escrow_reviews_iter5.TestReviewSystem" name="test_review_works_for_completed_barter" time="0.780" /><testcase classname="backend.tests.test_escrow_reviews_iter5.TestReviewSystem" name="test_mutual_reveal_both_reviews" time="0.877" /><testcase classname="backend.tests.test_escrow_reviews_iter5.TestReviewSystem" name="test_single_review_not_revealed" time="0.580" /><testcase classname="backend.tests.test_escrow_reviews_iter5.TestReviewSystem" name="test_get_user_reviews_only_revealed" time="0.605" /><testcase classname="backend.tests.test_escrow_reviews_iter5.TestHealthCheck" name="test_api_health" time="0.039" /></testsuite></testsuites>